<?xml version="1.0" encoding="UTF-8"?>
<!-- Generated by org.testng.reporters.JUnitReportReporter -->
<testsuite skipped="0" hostname="KUMAR" name="vtiger.NewCurrency" tests="1" failures="0" timestamp="2019-12-26T17:32:04 IST" time="10.072" errors="0">
  <testcase name="NewCurrency" time="10.072" classname="vtiger.NewCurrency"/>
</testsuite> <!-- vtiger.NewCurrency -->
