<?xml version="1.0" encoding="UTF-8"?>
<!-- Generated by org.testng.reporters.JUnitReportReporter -->
<testsuite skipped="0" hostname="KUMAR" name="orangehrm.Createuser" tests="1" failures="0" timestamp="2020-01-08T10:59:59 IST" time="34.294" errors="0">
  <testcase name="CreateUser" time="34.294" classname="orangehrm.Createuser"/>
</testsuite> <!-- orangehrm.Createuser -->
