<?xml version="1.0" encoding="UTF-8"?>
<!-- Generated by org.testng.reporters.JUnitReportReporter -->
<testsuite skipped="0" hostname="KUMAR" name="vtiger.CreateOpportunitesTC_03" tests="1" failures="0" timestamp="2019-12-26T15:49:12 IST" time="42.056" errors="0">
  <testcase name="CreateOpportunitesTC_03" time="42.056" classname="vtiger.CreateOpportunitesTC_03"/>
</testsuite> <!-- vtiger.CreateOpportunitesTC_03 -->
