<?xml version="1.0" encoding="UTF-8"?>
<!-- Generated by org.testng.reporters.JUnitReportReporter -->
<testsuite skipped="0" hostname="KUMAR" name="week1.Program4" tests="1" failures="0" timestamp="2019-12-16T15:36:31 IST" time="5.279" errors="0">
  <testcase name="Program4" time="5.279" classname="week1.Program4"/>
</testsuite> <!-- week1.Program4 -->
