<?xml version="1.0" encoding="UTF-8"?>
<!-- Generated by org.testng.reporters.JUnitReportReporter -->
<testsuite skipped="0" hostname="KUMAR" name="amazon.buyproduct" tests="1" failures="0" timestamp="2019-12-21T00:08:29 IST" time="23.094" errors="0">
  <testcase name="buyProduct" time="23.094" classname="amazon.buyproduct"/>
</testsuite> <!-- amazon.buyproduct -->
